<?xml version="1.0" encoding="UTF-8"?>
<!-- Generated by org.testng.reporters.JUnitReportReporter -->
<testsuite skipped="0" hostname="DESKTOP-1KB8NDV" name="testCases.LoginPageTest" tests="2" failures="0" timestamp="22 Oct 2020 00:56:59 GMT" time="28.996" errors="0">
  <testcase name="loginTest" time="14.535" classname="testCases.LoginPageTest"/>
  <testcase name="loginpageTitleTest" time="14.461" classname="testCases.LoginPageTest"/>
</testsuite> <!-- testCases.LoginPageTest -->
